[2017-11-13 00:12:58.656] [DEBUG] jive-sdk - Zipping extension_src/public/apps/simpleapp/javascripts/canvas.html to extension.zip  :  public/apps/simpleapp/javascripts/canvas.html
[2017-11-13 00:12:58.656] [DEBUG] jive-sdk - Zipping extension_src/public/apps/simpleapp/javascripts/coreapi-context-resolver-v3.js to extension.zip  :  public/apps/simpleapp/javascripts/coreapi-context-resolver-v3.js
[2017-11-13 00:12:58.657] [DEBUG] jive-sdk - Zipping extension_src/public/apps/simpleapp/javascripts/hdm.js to extension.zip  :  public/apps/simpleapp/javascripts/hdm.js
[2017-11-13 00:12:58.658] [DEBUG] jive-sdk - Zipping extension_src/public/apps/simpleapp/javascripts/jquery-3.1.1.min.js to extension.zip  :  public/apps/simpleapp/javascripts/jquery-3.1.1.min.js
[2017-11-13 00:12:58.662] [DEBUG] jive-sdk - Zipping extension_src/public/apps/simpleapp/javascripts/hive-users.js to extension.zip  :  public/apps/simpleapp/javascripts/hive-users.js
[2017-11-13 00:12:58.662] [DEBUG] jive-sdk - Zipping extension_src/public/apps/simpleapp/javascripts/main.js to extension.zip  :  public/apps/simpleapp/javascripts/main.js
[2017-11-13 00:12:58.662] [DEBUG] jive-sdk - Zipping extension_src/public/apps/simpleapp/javascripts/make_group_public.js to extension.zip  :  public/apps/simpleapp/javascripts/make_group_public.js
[2017-11-13 00:12:58.662] [DEBUG] jive-sdk - Zipping extension_src/public/apps/simpleapp/javascripts/menu.html to extension.zip  :  public/apps/simpleapp/javascripts/menu.html
[2017-11-13 00:12:58.663] [DEBUG] jive-sdk - Zipping extension_src/public/apps/simpleapp/javascripts/space-auto-follow.js to extension.zip  :  public/apps/simpleapp/javascripts/space-auto-follow.js
[2017-11-13 00:12:58.663] [DEBUG] jive-sdk - Zipping extension_src/public/apps/simpleapp/javascripts/spin.js to extension.zip  :  public/apps/simpleapp/javascripts/spin.js
[2017-11-13 00:12:58.664] [DEBUG] jive-sdk - Zipping extension_src/public/apps/simpleapp/locales/en_ALL.xml to extension.zip  :  public/apps/simpleapp/locales/en_ALL.xml
[2017-11-13 00:12:58.664] [DEBUG] jive-sdk - Zipping extension_src/public/apps/simpleapp/locales/all_ALL.xml to extension.zip  :  public/apps/simpleapp/locales/all_ALL.xml
[2017-11-13 00:12:58.665] [DEBUG] jive-sdk - Zipping extension_src/public/apps/simpleapp/stylesheets/bootstrap.min.css to extension.zip  :  public/apps/simpleapp/stylesheets/bootstrap.min.css
[2017-11-13 00:12:58.665] [DEBUG] jive-sdk - Zipping extension_src/public/apps/simpleapp/stylesheets/hdm.css to extension.zip  :  public/apps/simpleapp/stylesheets/hdm.css
[2017-11-13 00:12:58.665] [DEBUG] jive-sdk - Zipping extension_src/public/apps/simpleapp/stylesheets/main.css to extension.zip  :  public/apps/simpleapp/stylesheets/main.css
[2017-11-13 00:12:58.785] [INFO] jive-sdk - Updated 1 data file(s): [jiveExtension]
[2017-11-13 00:39:07.030] [WARN] jive-sdk - ******************************
[2017-11-13 00:39:07.032] [WARN] jive-sdk - File persistence is configured.
[2017-11-13 00:39:07.033] [WARN] jive-sdk - Please note that this should
[2017-11-13 00:39:07.033] [WARN] jive-sdk - not be used for production!
[2017-11-13 00:39:07.033] [WARN] jive-sdk - ******************************
[2017-11-13 00:39:07.033] [DEBUG] jive-sdk - File persistence dir at 'db'
[2017-11-13 00:39:07.039] [DEBUG] jive-sdk - Setting up osapp at /Users/aqn3130/Documents/Hive-Apps/apps/simpleapp
[2017-11-13 00:39:07.043] [DEBUG] jive-sdk - Creating directory extension_src/public/apps
[2017-11-13 00:39:07.044] [DEBUG] jive-sdk - Creating directory extension_src/public/tiles
[2017-11-13 00:39:07.045] [DEBUG] jive-sdk - Copying public to extension_src/public
[2017-11-13 00:39:07.085] [DEBUG] jive-sdk - Creating directory extension_src/public/services
[2017-11-13 00:39:07.101] [DEBUG] jive-sdk - Copying public to extension_src/public
[2017-11-13 00:39:07.167] [DEBUG] jive-sdk - Copying /Users/aqn3130/Documents/Hive-Apps/apps/simpleapp/public to extension_src/public/apps/simpleapp
[2017-11-13 00:39:07.353] [DEBUG] jive-sdk - definitions:
[]
[2017-11-13 00:39:07.353] [DEBUG] jive-sdk - templates:
[]
[2017-11-13 00:39:07.353] [DEBUG] jive-sdk - apps:
[
    {
        "id": "65f2a7f0-33da-4cf4-aa32-feb7a931cbf3",
        "name": " Reference App",
        "appPath": "65f2a7f033da4cf4aa32feb7a931cbf3",
        "url": "/public/apps/simpleapp/app.xml"
    }
]
[2017-11-13 00:39:07.353] [DEBUG] jive-sdk - storageDefinitions:
[]
[2017-11-13 00:39:07.354] [DEBUG] jive-sdk - cartridges:
[]
[2017-11-13 00:39:07.359] [DEBUG] jive-sdk - Extension meta: 
{
    "package_version": "1.0",
    "id": "aa741bae-66f7-43cd-b073-60f5ac34628d",
    "type": "client-app",
    "name": "Hive Apps",
    "description": "Applications for Hive",
    "minimum_version": "0080300000",
    "icon_16": "extension-16.png",
    "icon_48": "extension-48.png",
    "icon_128": "extension-128.png",
    "redirect_url": "%serviceURL%",
    "released_on": "2016-11-06T14:53:05.502Z",
    "service_url": "http://localhost"
}
[2017-11-13 00:39:07.555] [DEBUG] jive-sdk - Zipping extension_src/definition.json to extension.zip  :  definition.json
[2017-11-13 00:39:07.562] [DEBUG] jive-sdk - Zipping extension_src/meta.json to extension.zip  :  meta.json
[2017-11-13 00:39:07.611] [DEBUG] jive-sdk - Zipping extension_src/data/eula.html to extension.zip  :  data/eula.html
[2017-11-13 00:39:07.614] [DEBUG] jive-sdk - Zipping extension_src/data/extension-128.png to extension.zip  :  data/extension-128.png
[2017-11-13 00:39:07.620] [DEBUG] jive-sdk - Zipping extension_src/data/extension-16.png to extension.zip  :  data/extension-16.png
[2017-11-13 00:39:07.621] [DEBUG] jive-sdk - Zipping extension_src/data/extension-48.png to extension.zip  :  data/extension-48.png
[2017-11-13 00:39:07.621] [DEBUG] jive-sdk - Zipping extension_src/data/install_instructions.html to extension.zip  :  data/install_instructions.html
[2017-11-13 00:39:07.622] [DEBUG] jive-sdk - Zipping extension_src/data/overview.html to extension.zip  :  data/overview.html
[2017-11-13 00:39:07.623] [DEBUG] jive-sdk - Zipping extension_src/data/privacy_policy.html to extension.zip  :  data/privacy_policy.html
[2017-11-13 00:39:07.625] [DEBUG] jive-sdk - Zipping extension_src/data/screenshot_1.png to extension.zip  :  data/screenshot_1.png
[2017-11-13 00:39:07.626] [DEBUG] jive-sdk - Zipping extension_src/data/screenshot_2.png to extension.zip  :  data/screenshot_2.png
[2017-11-13 00:39:07.629] [DEBUG] jive-sdk - Zipping extension_src/i18n/en.properties to extension.zip  :  i18n/en.properties
[2017-11-13 00:39:07.630] [DEBUG] jive-sdk - Zipping extension_src/i18n/root.properties to extension.zip  :  i18n/root.properties
[2017-11-13 00:39:07.649] [DEBUG] jive-sdk - Zipping extension_src/public/canvas.html to extension.zip  :  public/canvas.html
[2017-11-13 00:39:07.652] [DEBUG] jive-sdk - Zipping extension_src/public/favicon.ico to extension.zip  :  public/favicon.ico
[2017-11-13 00:39:07.682] [DEBUG] jive-sdk - Zipping extension_src/public/javascripts/bootstrap-30.js to extension.zip  :  public/javascripts/bootstrap-30.js
[2017-11-13 00:39:07.683] [DEBUG] jive-sdk - Zipping extension_src/public/javascripts/bootstrap-30.min.js to extension.zip  :  public/javascripts/bootstrap-30.min.js
[2017-11-13 00:39:07.686] [DEBUG] jive-sdk - Zipping extension_src/public/javascripts/bootstrap.min.js to extension.zip  :  public/javascripts/bootstrap.min.js
[2017-11-13 00:39:07.686] [DEBUG] jive-sdk - Zipping extension_src/public/javascripts/jQuery-1.10.2.js to extension.zip  :  public/javascripts/jQuery-1.10.2.js
[2017-11-13 00:39:07.687] [DEBUG] jive-sdk - Zipping extension_src/public/javascripts/jquery-1.8.3.js to extension.zip  :  public/javascripts/jquery-1.8.3.js
[2017-11-13 00:39:07.688] [DEBUG] jive-sdk - Zipping extension_src/public/javascripts/jquery.base64.min.js to extension.zip  :  public/javascripts/jquery.base64.min.js
[2017-11-13 00:39:07.689] [DEBUG] jive-sdk - Zipping extension_src/public/stylesheets/bootstrap-30.css to extension.zip  :  public/stylesheets/bootstrap-30.css
[2017-11-13 00:39:07.691] [DEBUG] jive-sdk - Zipping extension_src/public/stylesheets/bootstrap-30.min.css to extension.zip  :  public/stylesheets/bootstrap-30.min.css
[2017-11-13 00:39:07.695] [DEBUG] jive-sdk - Zipping extension_src/public/stylesheets/bootstrap.css to extension.zip  :  public/stylesheets/bootstrap.css
[2017-11-13 00:39:07.696] [DEBUG] jive-sdk - Zipping extension_src/public/stylesheets/bootstrap.min.css to extension.zip  :  public/stylesheets/bootstrap.min.css
[2017-11-13 00:39:07.696] [DEBUG] jive-sdk - Zipping extension_src/public/stylesheets/style.css to extension.zip  :  public/stylesheets/style.css
[2017-11-13 00:39:07.708] [DEBUG] jive-sdk - Zipping extension_src/public/apps/simpleapp/app.xml to extension.zip  :  public/apps/simpleapp/app.xml
[2017-11-13 00:39:07.709] [DEBUG] jive-sdk - Zipping extension_src/public/apps/simpleapp/canvas.html to extension.zip  :  public/apps/simpleapp/canvas.html
[2017-11-13 00:39:07.709] [DEBUG] jive-sdk - Zipping extension_src/public/apps/simpleapp/hdm.html to extension.zip  :  public/apps/simpleapp/hdm.html
[2017-11-13 00:39:07.710] [DEBUG] jive-sdk - Zipping extension_src/public/apps/simpleapp/make_group_public.html to extension.zip  :  public/apps/simpleapp/make_group_public.html
[2017-11-13 00:39:07.711] [DEBUG] jive-sdk - Zipping extension_src/public/apps/simpleapp/menu.html to extension.zip  :  public/apps/simpleapp/menu.html
[2017-11-13 00:39:07.711] [DEBUG] jive-sdk - Zipping extension_src/public/apps/simpleapp/test.html to extension.zip  :  public/apps/simpleapp/test.html
[2017-11-13 00:39:07.728] [DEBUG] jive-sdk - Zipping extension_src/public/apps/simpleapp/images/hdm.png to extension.zip  :  public/apps/simpleapp/images/hdm.png
[2017-11-13 00:39:07.729] [DEBUG] jive-sdk - Zipping extension_src/public/apps/simpleapp/images/icon128.png to extension.zip  :  public/apps/simpleapp/images/icon128.png
[2017-11-13 00:39:07.729] [DEBUG] jive-sdk - Zipping extension_src/public/apps/simpleapp/images/icon16.png to extension.zip  :  public/apps/simpleapp/images/icon16.png
[2017-11-13 00:39:07.729] [DEBUG] jive-sdk - Zipping extension_src/public/apps/simpleapp/images/icon48.png to extension.zip  :  public/apps/simpleapp/images/icon48.png
[2017-11-13 00:39:07.730] [DEBUG] jive-sdk - Zipping extension_src/public/apps/simpleapp/images/oldhdm.png to extension.zip  :  public/apps/simpleapp/images/oldhdm.png
[2017-11-13 00:39:07.730] [DEBUG] jive-sdk - Zipping extension_src/public/apps/simpleapp/javascripts/Jive_ID.js to extension.zip  :  public/apps/simpleapp/javascripts/Jive_ID.js
[2017-11-13 00:39:07.730] [DEBUG] jive-sdk - Zipping extension_src/public/apps/simpleapp/javascripts/Upload_Files.js to extension.zip  :  public/apps/simpleapp/javascripts/Upload_Files.js
[2017-11-13 00:39:07.731] [DEBUG] jive-sdk - Zipping extension_src/public/apps/simpleapp/javascripts/_DS_Store to extension.zip  :  public/apps/simpleapp/javascripts/_DS_Store
[2017-11-13 00:39:07.731] [DEBUG] jive-sdk - Zipping extension_src/public/apps/simpleapp/javascripts/app.js to extension.zip  :  public/apps/simpleapp/javascripts/app.js
[2017-11-13 00:39:07.732] [DEBUG] jive-sdk - Zipping extension_src/public/apps/simpleapp/javascripts/appe.js to extension.zip  :  public/apps/simpleapp/javascripts/appe.js
[2017-11-13 00:39:07.732] [DEBUG] jive-sdk - Zipping extension_src/public/apps/simpleapp/javascripts/bootstrap.min.js to extension.zip  :  public/apps/simpleapp/javascripts/bootstrap.min.js
[2017-11-13 00:39:07.732] [DEBUG] jive-sdk - Zipping extension_src/public/apps/simpleapp/javascripts/canvas.html to extension.zip  :  public/apps/simpleapp/javascripts/canvas.html
[2017-11-13 00:39:07.734] [DEBUG] jive-sdk - Zipping extension_src/public/apps/simpleapp/javascripts/coreapi-context-resolver-v3.js to extension.zip  :  public/apps/simpleapp/javascripts/coreapi-context-resolver-v3.js
[2017-11-13 00:39:07.735] [DEBUG] jive-sdk - Zipping extension_src/public/apps/simpleapp/javascripts/hdm.js to extension.zip  :  public/apps/simpleapp/javascripts/hdm.js
[2017-11-13 00:39:07.736] [DEBUG] jive-sdk - Zipping extension_src/public/apps/simpleapp/javascripts/hive-users.js to extension.zip  :  public/apps/simpleapp/javascripts/hive-users.js
[2017-11-13 00:39:07.739] [DEBUG] jive-sdk - Zipping extension_src/public/apps/simpleapp/javascripts/jquery-3.1.1.min.js to extension.zip  :  public/apps/simpleapp/javascripts/jquery-3.1.1.min.js
[2017-11-13 00:39:07.739] [DEBUG] jive-sdk - Zipping extension_src/public/apps/simpleapp/javascripts/main.js to extension.zip  :  public/apps/simpleapp/javascripts/main.js
[2017-11-13 00:39:07.740] [DEBUG] jive-sdk - Zipping extension_src/public/apps/simpleapp/javascripts/make_group_public.js to extension.zip  :  public/apps/simpleapp/javascripts/make_group_public.js
[2017-11-13 00:39:07.741] [DEBUG] jive-sdk - Zipping extension_src/public/apps/simpleapp/javascripts/menu.html to extension.zip  :  public/apps/simpleapp/javascripts/menu.html
[2017-11-13 00:39:07.741] [DEBUG] jive-sdk - Zipping extension_src/public/apps/simpleapp/javascripts/space-auto-follow.js to extension.zip  :  public/apps/simpleapp/javascripts/space-auto-follow.js
[2017-11-13 00:39:07.742] [DEBUG] jive-sdk - Zipping extension_src/public/apps/simpleapp/javascripts/spin.js to extension.zip  :  public/apps/simpleapp/javascripts/spin.js
[2017-11-13 00:39:07.742] [DEBUG] jive-sdk - Zipping extension_src/public/apps/simpleapp/locales/all_ALL.xml to extension.zip  :  public/apps/simpleapp/locales/all_ALL.xml
[2017-11-13 00:39:07.743] [DEBUG] jive-sdk - Zipping extension_src/public/apps/simpleapp/locales/en_ALL.xml to extension.zip  :  public/apps/simpleapp/locales/en_ALL.xml
[2017-11-13 00:39:07.744] [DEBUG] jive-sdk - Zipping extension_src/public/apps/simpleapp/stylesheets/bootstrap.min.css to extension.zip  :  public/apps/simpleapp/stylesheets/bootstrap.min.css
[2017-11-13 00:39:07.744] [DEBUG] jive-sdk - Zipping extension_src/public/apps/simpleapp/stylesheets/hdm.css to extension.zip  :  public/apps/simpleapp/stylesheets/hdm.css
[2017-11-13 00:39:07.744] [DEBUG] jive-sdk - Zipping extension_src/public/apps/simpleapp/stylesheets/main.css to extension.zip  :  public/apps/simpleapp/stylesheets/main.css
[2017-11-13 00:39:07.858] [INFO] jive-sdk - Updated 1 data file(s): [jiveExtension]
